<?xml version="1.0" encoding="UTF-8"?>
<!-- Generated by org.testng.reporters.JUnitReportReporter -->
<testsuite hostname="547611-Term2" name="firefoxdriver.newDriver" tests="1" failures="0" timestamp="15 Jun 2017 19:50:13 GMT" time="34.742" errors="0">
  <testcase name="setDriver" time="34.742" classname="firefoxdriver.newDriver"/>
</testsuite> <!-- firefoxdriver.newDriver -->
