<?xml version="1.0" encoding="UTF-8"?>
<!-- Generated by org.testng.reporters.JUnitReportReporter -->
<testsuite hostname="547611-Term2" name="firefoxdriver.MainClass" tests="1" failures="0" timestamp="15 Jun 2017 19:54:09 GMT" time="34.266" errors="0">
  <testcase name="mainPage" time="34.266" classname="firefoxdriver.MainClass"/>
</testsuite> <!-- firefoxdriver.MainClass -->
